{"/Users/joaopetinga/Documents/development/cycloid/src/components/Modal.vue": {"path":"/Users/joaopetinga/Documents/development/cycloid/src/components/Modal.vue","statementMap":{"0":{"start":{"line":70,"column":0},"end":{"line":70,"column":null}},"1":{"start":{"line":75,"column":0},"end":{"line":75,"column":null}},"2":{"start":{"line":77,"column":0},"end":{"line":77,"column":null}},"3":{"start":{"line":83,"column":0},"end":{"line":83,"column":null}},"4":{"start":{"line":86,"column":0},"end":{"line":86,"column":null}},"5":{"start":{"line":87,"column":0},"end":{"line":87,"column":null}},"6":{"start":{"line":88,"column":0},"end":{"line":88,"column":null}},"7":{"start":{"line":94,"column":0},"end":{"line":94,"column":null}},"8":{"start":{"line":97,"column":0},"end":{"line":100,"column":null}},"9":{"start":{"line":98,"column":0},"end":{"line":98,"column":null}},"10":{"start":{"line":99,"column":0},"end":{"line":99,"column":null}},"11":{"start":{"line":103,"column":0},"end":{"line":107,"column":null}},"12":{"start":{"line":104,"column":0},"end":{"line":104,"column":null}},"13":{"start":{"line":106,"column":0},"end":{"line":106,"column":null}},"14":{"start":{"line":114,"column":0},"end":{"line":114,"column":null}}},"fnMap":{"0":{"name":"(anonymous_1)","decl":{"start":{"line":70,"column":0},"end":{"line":70,"column":null}},"loc":{"start":{"line":70,"column":0},"end":{"line":70,"column":null}}},"1":{"name":"(anonymous_2)","decl":{"start":{"line":74,"column":0},"end":{"line":74,"column":null}},"loc":{"start":{"line":74,"column":0},"end":{"line":80,"column":null}}},"2":{"name":"(anonymous_3)","decl":{"start":{"line":76,"column":0},"end":{"line":76,"column":null}},"loc":{"start":{"line":76,"column":0},"end":{"line":78,"column":null}}},"3":{"name":"(anonymous_4)","decl":{"start":{"line":82,"column":0},"end":{"line":82,"column":null}},"loc":{"start":{"line":82,"column":0},"end":{"line":84,"column":null}}},"4":{"name":"(anonymous_5)","decl":{"start":{"line":85,"column":0},"end":{"line":85,"column":null}},"loc":{"start":{"line":85,"column":0},"end":{"line":89,"column":null}}},"5":{"name":"(anonymous_6)","decl":{"start":{"line":93,"column":0},"end":{"line":93,"column":null}},"loc":{"start":{"line":93,"column":0},"end":{"line":95,"column":null}}},"6":{"name":"(anonymous_7)","decl":{"start":{"line":96,"column":0},"end":{"line":96,"column":null}},"loc":{"start":{"line":96,"column":0},"end":{"line":101,"column":null}}},"7":{"name":"(anonymous_8)","decl":{"start":{"line":102,"column":0},"end":{"line":102,"column":null}},"loc":{"start":{"line":102,"column":0},"end":{"line":108,"column":null}}},"8":{"name":"(anonymous_9)","decl":{"start":{"line":113,"column":0},"end":{"line":113,"column":null}},"loc":{"start":{"line":113,"column":0},"end":{"line":115,"column":null}}}},"branchMap":{"0":{"loc":{"start":{"line":87,"column":0},"end":{"line":87,"column":null}},"type":"if","locations":[{"start":{"line":87,"column":0},"end":{"line":87,"column":null}},{"start":{"line":87,"column":0},"end":{"line":87,"column":null}}]},"1":{"loc":{"start":{"line":97,"column":0},"end":{"line":100,"column":null}},"type":"if","locations":[{"start":{"line":97,"column":0},"end":{"line":100,"column":null}},{"start":{"line":97,"column":0},"end":{"line":100,"column":null}}]},"2":{"loc":{"start":{"line":103,"column":0},"end":{"line":107,"column":null}},"type":"if","locations":[{"start":{"line":103,"column":0},"end":{"line":107,"column":null}},{"start":{"line":103,"column":0},"end":{"line":107,"column":null}}]}},"s":{"0":8,"1":8,"2":0,"3":11,"4":11,"5":14,"6":11,"7":2,"8":2,"9":1,"10":1,"11":12,"12":6,"13":6,"14":8},"f":{"0":8,"1":8,"2":0,"3":11,"4":11,"5":2,"6":2,"7":12,"8":8},"b":{"0":[3,8],"1":[1,1],"2":[6,6]}}
,"/Users/joaopetinga/Documents/development/cycloid/src/components/Select.vue": {"path":"/Users/joaopetinga/Documents/development/cycloid/src/components/Select.vue","statementMap":{"0":{"start":{"line":54,"column":0},"end":{"line":54,"column":null}},"1":{"start":{"line":61,"column":0},"end":{"line":61,"column":null}},"2":{"start":{"line":69,"column":0},"end":{"line":69,"column":null}},"3":{"start":{"line":70,"column":0},"end":{"line":70,"column":null}},"4":{"start":{"line":75,"column":0},"end":{"line":75,"column":null}}},"fnMap":{"0":{"name":"(anonymous_1)","decl":{"start":{"line":54,"column":0},"end":{"line":54,"column":null}},"loc":{"start":{"line":54,"column":0},"end":{"line":54,"column":null}}},"1":{"name":"(anonymous_2)","decl":{"start":{"line":60,"column":0},"end":{"line":60,"column":null}},"loc":{"start":{"line":60,"column":0},"end":{"line":64,"column":null}}},"2":{"name":"(anonymous_3)","decl":{"start":{"line":61,"column":0},"end":{"line":61,"column":null}},"loc":{"start":{"line":61,"column":0},"end":{"line":61,"column":null}}},"3":{"name":"(anonymous_4)","decl":{"start":{"line":68,"column":0},"end":{"line":68,"column":null}},"loc":{"start":{"line":68,"column":0},"end":{"line":71,"column":null}}},"4":{"name":"(anonymous_5)","decl":{"start":{"line":74,"column":0},"end":{"line":74,"column":null}},"loc":{"start":{"line":74,"column":0},"end":{"line":76,"column":null}}}},"branchMap":{"0":{"loc":{"start":{"line":70,"column":0},"end":{"line":70,"column":null}},"type":"if","locations":[{"start":{"line":70,"column":0},"end":{"line":70,"column":null}},{"start":{"line":70,"column":0},"end":{"line":70,"column":null}}]}},"s":{"0":6,"1":16,"2":1,"3":2,"4":4},"f":{"0":6,"1":7,"2":9,"3":1,"4":4},"b":{"0":[1,0]}}
,"/Users/joaopetinga/Documents/development/cycloid/src/store/index.js": {"path":"/Users/joaopetinga/Documents/development/cycloid/src/store/index.js","statementMap":{"0":{"start":{"line":6,"column":0},"end":{"line":6,"column":14}},"1":{"start":{"line":8,"column":27},"end":{"line":17,"column":1}},"2":{"start":{"line":9,"column":21},"end":{"line":9,"column":41}},"3":{"start":{"line":10,"column":21},"end":{"line":10,"column":30}},"4":{"start":{"line":11,"column":20},"end":{"line":11,"column":29}},"5":{"start":{"line":14,"column":18},"end":{"line":14,"column":66}},"6":{"start":{"line":14,"column":50},"end":{"line":14,"column":65}},"7":{"start":{"line":15,"column":4},"end":{"line":15,"column":34}},"8":{"start":{"line":19,"column":23},"end":{"line":56,"column":1}},"9":{"start":{"line":21,"column":4},"end":{"line":30,"column":6}},"10":{"start":{"line":22,"column":19},"end":{"line":22,"column":68}},"11":{"start":{"line":23,"column":6},"end":{"line":29,"column":8}},"12":{"start":{"line":33,"column":19},"end":{"line":43,"column":5}},"13":{"start":{"line":35,"column":28},"end":{"line":35,"column":45}},"14":{"start":{"line":37,"column":8},"end":{"line":37,"column":49}},"15":{"start":{"line":38,"column":8},"end":{"line":38,"column":49}},"16":{"start":{"line":39,"column":8},"end":{"line":39,"column":19}},"17":{"start":{"line":44,"column":4},"end":{"line":44,"column":18}},"18":{"start":{"line":47,"column":4},"end":{"line":51,"column":5}},"19":{"start":{"line":49,"column":46},"end":{"line":49,"column":69}},"20":{"start":{"line":53,"column":4},"end":{"line":55,"column":5}},"21":{"start":{"line":54,"column":50},"end":{"line":54,"column":73}},"22":{"start":{"line":58,"column":25},"end":{"line":69,"column":1}},"23":{"start":{"line":60,"column":4},"end":{"line":60,"column":26}},"24":{"start":{"line":63,"column":4},"end":{"line":63,"column":29}},"25":{"start":{"line":66,"column":16},"end":{"line":66,"column":66}},"26":{"start":{"line":66,"column":50},"end":{"line":66,"column":65}},"27":{"start":{"line":67,"column":4},"end":{"line":67,"column":48}},"28":{"start":{"line":67,"column":20},"end":{"line":67,"column":48}},"29":{"start":{"line":71,"column":23},"end":{"line":92,"column":1}},"30":{"start":{"line":73,"column":29},"end":{"line":73,"column":45}},"31":{"start":{"line":74,"column":29},"end":{"line":74,"column":58}},"32":{"start":{"line":75,"column":4},"end":{"line":75,"column":69}},"33":{"start":{"line":78,"column":18},"end":{"line":78,"column":65}},"34":{"start":{"line":78,"column":49},"end":{"line":78,"column":64}},"35":{"start":{"line":79,"column":4},"end":{"line":79,"column":28}},"36":{"start":{"line":79,"column":15},"end":{"line":79,"column":28}},"37":{"start":{"line":81,"column":21},"end":{"line":81,"column":40}},"38":{"start":{"line":82,"column":4},"end":{"line":82,"column":16}},"39":{"start":{"line":85,"column":21},"end":{"line":85,"column":44}},"40":{"start":{"line":86,"column":4},"end":{"line":86,"column":30}},"41":{"start":{"line":89,"column":4},"end":{"line":89,"column":26}},"42":{"start":{"line":90,"column":4},"end":{"line":90,"column":31}}},"fnMap":{"0":{"name":"(anonymous_0)","decl":{"start":{"line":9,"column":11},"end":{"line":9,"column":12}},"loc":{"start":{"line":9,"column":21},"end":{"line":9,"column":41}},"line":9},"1":{"name":"(anonymous_1)","decl":{"start":{"line":10,"column":11},"end":{"line":10,"column":12}},"loc":{"start":{"line":10,"column":21},"end":{"line":10,"column":30}},"line":10},"2":{"name":"(anonymous_2)","decl":{"start":{"line":11,"column":10},"end":{"line":11,"column":11}},"loc":{"start":{"line":11,"column":20},"end":{"line":11,"column":29}},"line":11},"3":{"name":"(anonymous_3)","decl":{"start":{"line":13,"column":2},"end":{"line":13,"column":3}},"loc":{"start":{"line":13,"column":17},"end":{"line":16,"column":3}},"line":13},"4":{"name":"(anonymous_4)","decl":{"start":{"line":14,"column":41},"end":{"line":14,"column":42}},"loc":{"start":{"line":14,"column":50},"end":{"line":14,"column":65}},"line":14},"5":{"name":"(anonymous_5)","decl":{"start":{"line":20,"column":10},"end":{"line":20,"column":11}},"loc":{"start":{"line":21,"column":4},"end":{"line":30,"column":6}},"line":21},"6":{"name":"(anonymous_6)","decl":{"start":{"line":21,"column":21},"end":{"line":21,"column":22}},"loc":{"start":{"line":21,"column":32},"end":{"line":30,"column":5}},"line":21},"7":{"name":"(anonymous_7)","decl":{"start":{"line":32,"column":9},"end":{"line":32,"column":10}},"loc":{"start":{"line":32,"column":30},"end":{"line":45,"column":3}},"line":32},"8":{"name":"(anonymous_8)","decl":{"start":{"line":34,"column":6},"end":{"line":34,"column":7}},"loc":{"start":{"line":34,"column":26},"end":{"line":40,"column":7}},"line":34},"9":{"name":"(anonymous_9)","decl":{"start":{"line":46,"column":10},"end":{"line":46,"column":11}},"loc":{"start":{"line":47,"column":4},"end":{"line":51,"column":5}},"line":47},"10":{"name":"(anonymous_10)","decl":{"start":{"line":49,"column":30},"end":{"line":49,"column":31}},"loc":{"start":{"line":49,"column":46},"end":{"line":49,"column":69}},"line":49},"11":{"name":"(anonymous_11)","decl":{"start":{"line":52,"column":9},"end":{"line":52,"column":10}},"loc":{"start":{"line":53,"column":4},"end":{"line":55,"column":5}},"line":53},"12":{"name":"(anonymous_12)","decl":{"start":{"line":54,"column":34},"end":{"line":54,"column":35}},"loc":{"start":{"line":54,"column":50},"end":{"line":54,"column":73}},"line":54},"13":{"name":"(anonymous_13)","decl":{"start":{"line":59,"column":2},"end":{"line":59,"column":3}},"loc":{"start":{"line":59,"column":28},"end":{"line":61,"column":3}},"line":59},"14":{"name":"(anonymous_14)","decl":{"start":{"line":62,"column":2},"end":{"line":62,"column":3}},"loc":{"start":{"line":62,"column":26},"end":{"line":64,"column":3}},"line":62},"15":{"name":"(anonymous_15)","decl":{"start":{"line":65,"column":2},"end":{"line":65,"column":3}},"loc":{"start":{"line":65,"column":26},"end":{"line":68,"column":3}},"line":65},"16":{"name":"(anonymous_16)","decl":{"start":{"line":66,"column":39},"end":{"line":66,"column":40}},"loc":{"start":{"line":66,"column":50},"end":{"line":66,"column":65}},"line":66},"17":{"name":"(anonymous_17)","decl":{"start":{"line":72,"column":2},"end":{"line":72,"column":3}},"loc":{"start":{"line":72,"column":32},"end":{"line":76,"column":3}},"line":72},"18":{"name":"(anonymous_18)","decl":{"start":{"line":77,"column":2},"end":{"line":77,"column":3}},"loc":{"start":{"line":77,"column":39},"end":{"line":83,"column":3}},"line":77},"19":{"name":"(anonymous_19)","decl":{"start":{"line":78,"column":38},"end":{"line":78,"column":39}},"loc":{"start":{"line":78,"column":49},"end":{"line":78,"column":64}},"line":78},"20":{"name":"(anonymous_20)","decl":{"start":{"line":84,"column":2},"end":{"line":84,"column":3}},"loc":{"start":{"line":84,"column":36},"end":{"line":87,"column":3}},"line":84},"21":{"name":"(anonymous_21)","decl":{"start":{"line":88,"column":2},"end":{"line":88,"column":3}},"loc":{"start":{"line":88,"column":40},"end":{"line":91,"column":3}},"line":88}},"branchMap":{"0":{"loc":{"start":{"line":9,"column":21},"end":{"line":9,"column":41}},"type":"binary-expr","locations":[{"start":{"line":9,"column":21},"end":{"line":9,"column":29}},{"start":{"line":9,"column":33},"end":{"line":9,"column":41}}],"line":9},"1":{"loc":{"start":{"line":15,"column":11},"end":{"line":15,"column":33}},"type":"binary-expr","locations":[{"start":{"line":15,"column":11},"end":{"line":15,"column":16}},{"start":{"line":15,"column":20},"end":{"line":15,"column":33}}],"line":15},"2":{"loc":{"start":{"line":67,"column":4},"end":{"line":67,"column":48}},"type":"if","locations":[{"start":{"line":67,"column":4},"end":{"line":67,"column":48}},{"start":{"line":67,"column":4},"end":{"line":67,"column":48}}],"line":67},"3":{"loc":{"start":{"line":79,"column":4},"end":{"line":79,"column":28}},"type":"if","locations":[{"start":{"line":79,"column":4},"end":{"line":79,"column":28}},{"start":{"line":79,"column":4},"end":{"line":79,"column":28}}],"line":79}},"s":{"0":1,"1":1,"2":0,"3":0,"4":0,"5":0,"6":0,"7":0,"8":1,"9":0,"10":0,"11":0,"12":0,"13":0,"14":0,"15":0,"16":0,"17":0,"18":0,"19":0,"20":0,"21":0,"22":1,"23":0,"24":1,"25":2,"26":2,"27":2,"28":1,"29":1,"30":0,"31":0,"32":0,"33":0,"34":0,"35":0,"36":0,"37":0,"38":0,"39":1,"40":1,"41":1,"42":1},"f":{"0":0,"1":0,"2":0,"3":0,"4":0,"5":0,"6":0,"7":0,"8":0,"9":0,"10":0,"11":0,"12":0,"13":0,"14":1,"15":2,"16":2,"17":0,"18":0,"19":0,"20":1,"21":1},"b":{"0":[0,0],"1":[0,0],"2":[1,1],"3":[0,0]},"_coverageSchema":"43e27e138ebf9cfc5966b082cf9a028302ed4184","hash":"a7b7e3e5a5c91717e0e2e5e6a6becda1673d2283"}
,"/Users/joaopetinga/Documents/development/cycloid/src/utils/index.js": {"path":"/Users/joaopetinga/Documents/development/cycloid/src/utils/index.js","statementMap":{"0":{"start":{"line":4,"column":2},"end":{"line":10,"column":3}},"1":{"start":{"line":5,"column":4},"end":{"line":5,"column":53}},"2":{"start":{"line":6,"column":23},"end":{"line":6,"column":43}},"3":{"start":{"line":7,"column":4},"end":{"line":7,"column":24}},"4":{"start":{"line":9,"column":4},"end":{"line":9,"column":33}},"5":{"start":{"line":14,"column":18},"end":{"line":14,"column":37}},"6":{"start":{"line":15,"column":2},"end":{"line":15,"column":30}},"7":{"start":{"line":16,"column":17},"end":{"line":16,"column":34}},"8":{"start":{"line":17,"column":2},"end":{"line":17,"column":50}},"9":{"start":{"line":21,"column":4},"end":{"line":21,"column":21}},"10":{"start":{"line":22,"column":4},"end":{"line":22,"column":25}},"11":{"start":{"line":26,"column":4},"end":{"line":26,"column":37}},"12":{"start":{"line":28,"column":4},"end":{"line":28,"column":16}},"13":{"start":{"line":31,"column":4},"end":{"line":31,"column":33}},"14":{"start":{"line":32,"column":4},"end":{"line":32,"column":16}},"15":{"start":{"line":36,"column":4},"end":{"line":38,"column":6}},"16":{"start":{"line":37,"column":6},"end":{"line":37,"column":70}},"17":{"start":{"line":39,"column":4},"end":{"line":39,"column":16}},"18":{"start":{"line":43,"column":4},"end":{"line":46,"column":8}},"19":{"start":{"line":44,"column":6},"end":{"line":46,"column":8}},"20":{"start":{"line":45,"column":19},"end":{"line":45,"column":64}},"21":{"start":{"line":47,"column":4},"end":{"line":47,"column":16}},"22":{"start":{"line":51,"column":4},"end":{"line":51,"column":21}},"23":{"start":{"line":56,"column":16},"end":{"line":56,"column":24}},"24":{"start":{"line":57,"column":16},"end":{"line":57,"column":36}},"25":{"start":{"line":58,"column":24},"end":{"line":58,"column":34}},"26":{"start":{"line":60,"column":2},"end":{"line":64,"column":4}},"27":{"start":{"line":68,"column":2},"end":{"line":73,"column":5}},"28":{"start":{"line":69,"column":19},"end":{"line":69,"column":35}},"29":{"start":{"line":70,"column":4},"end":{"line":70,"column":31}},"30":{"start":{"line":71,"column":4},"end":{"line":71,"column":49}},"31":{"start":{"line":71,"column":26},"end":{"line":71,"column":48}},"32":{"start":{"line":72,"column":4},"end":{"line":72,"column":46}},"33":{"start":{"line":72,"column":32},"end":{"line":72,"column":45}},"34":{"start":{"line":77,"column":2},"end":{"line":79,"column":5}},"35":{"start":{"line":78,"column":4},"end":{"line":78,"column":33}},"36":{"start":{"line":82,"column":27},"end":{"line":85,"column":3}},"37":{"start":{"line":83,"column":2},"end":{"line":85,"column":3}},"38":{"start":{"line":87,"column":26},"end":{"line":88,"column":47}},"39":{"start":{"line":88,"column":2},"end":{"line":88,"column":47}},"40":{"start":{"line":91,"column":19},"end":{"line":91,"column":23}},"41":{"start":{"line":93,"column":16},"end":{"line":98,"column":3}},"42":{"start":{"line":96,"column":6},"end":{"line":96,"column":36}},"43":{"start":{"line":100,"column":2},"end":{"line":102,"column":5}},"44":{"start":{"line":103,"column":2},"end":{"line":103,"column":15}}},"fnMap":{"0":{"name":"normalizeFruits","decl":{"start":{"line":3,"column":22},"end":{"line":3,"column":37}},"loc":{"start":{"line":3,"column":46},"end":{"line":11,"column":1}},"line":3},"1":{"name":"diffInDaysBetweenDates","decl":{"start":{"line":13,"column":16},"end":{"line":13,"column":38}},"loc":{"start":{"line":13,"column":59},"end":{"line":18,"column":1}},"line":13},"2":{"name":"(anonymous_2)","decl":{"start":{"line":20,"column":2},"end":{"line":20,"column":3}},"loc":{"start":{"line":20,"column":20},"end":{"line":23,"column":3}},"line":20},"3":{"name":"(anonymous_3)","decl":{"start":{"line":25,"column":2},"end":{"line":25,"column":3}},"loc":{"start":{"line":25,"column":12},"end":{"line":29,"column":3}},"line":25},"4":{"name":"(anonymous_4)","decl":{"start":{"line":30,"column":2},"end":{"line":30,"column":3}},"loc":{"start":{"line":30,"column":10},"end":{"line":33,"column":3}},"line":30},"5":{"name":"(anonymous_5)","decl":{"start":{"line":35,"column":2},"end":{"line":35,"column":3}},"loc":{"start":{"line":35,"column":31},"end":{"line":40,"column":3}},"line":35},"6":{"name":"(anonymous_6)","decl":{"start":{"line":36,"column":33},"end":{"line":36,"column":34}},"loc":{"start":{"line":37,"column":6},"end":{"line":37,"column":70}},"line":37},"7":{"name":"(anonymous_7)","decl":{"start":{"line":42,"column":2},"end":{"line":42,"column":3}},"loc":{"start":{"line":42,"column":24},"end":{"line":48,"column":3}},"line":42},"8":{"name":"(anonymous_8)","decl":{"start":{"line":45,"column":8},"end":{"line":45,"column":9}},"loc":{"start":{"line":45,"column":19},"end":{"line":45,"column":64}},"line":45},"9":{"name":"(anonymous_9)","decl":{"start":{"line":50,"column":2},"end":{"line":50,"column":3}},"loc":{"start":{"line":50,"column":8},"end":{"line":52,"column":3}},"line":50},"10":{"name":"daysToDateObject","decl":{"start":{"line":55,"column":16},"end":{"line":55,"column":32}},"loc":{"start":{"line":55,"column":39},"end":{"line":65,"column":1}},"line":55},"11":{"name":"fileToBase64","decl":{"start":{"line":67,"column":16},"end":{"line":67,"column":28}},"loc":{"start":{"line":67,"column":35},"end":{"line":74,"column":1}},"line":67},"12":{"name":"(anonymous_12)","decl":{"start":{"line":68,"column":21},"end":{"line":68,"column":22}},"loc":{"start":{"line":68,"column":42},"end":{"line":73,"column":3}},"line":68},"13":{"name":"(anonymous_13)","decl":{"start":{"line":71,"column":20},"end":{"line":71,"column":21}},"loc":{"start":{"line":71,"column":26},"end":{"line":71,"column":48}},"line":71},"14":{"name":"(anonymous_14)","decl":{"start":{"line":72,"column":21},"end":{"line":72,"column":22}},"loc":{"start":{"line":72,"column":32},"end":{"line":72,"column":45}},"line":72},"15":{"name":"sleep","decl":{"start":{"line":76,"column":16},"end":{"line":76,"column":21}},"loc":{"start":{"line":76,"column":38},"end":{"line":80,"column":1}},"line":76},"16":{"name":"(anonymous_16)","decl":{"start":{"line":77,"column":21},"end":{"line":77,"column":22}},"loc":{"start":{"line":77,"column":34},"end":{"line":79,"column":3}},"line":77},"17":{"name":"(anonymous_17)","decl":{"start":{"line":82,"column":27},"end":{"line":82,"column":28}},"loc":{"start":{"line":83,"column":2},"end":{"line":85,"column":3}},"line":83},"18":{"name":"(anonymous_18)","decl":{"start":{"line":87,"column":26},"end":{"line":87,"column":27}},"loc":{"start":{"line":88,"column":2},"end":{"line":88,"column":47}},"line":88},"19":{"name":"Form","decl":{"start":{"line":90,"column":9},"end":{"line":90,"column":13}},"loc":{"start":{"line":90,"column":20},"end":{"line":104,"column":1}},"line":90},"20":{"name":"(anonymous_20)","decl":{"start":{"line":95,"column":11},"end":{"line":95,"column":12}},"loc":{"start":{"line":95,"column":23},"end":{"line":97,"column":5}},"line":95}},"branchMap":{"0":{"loc":{"start":{"line":37,"column":6},"end":{"line":37,"column":70}},"type":"cond-expr","locations":[{"start":{"line":37,"column":22},"end":{"line":37,"column":62}},{"start":{"line":37,"column":65},"end":{"line":37,"column":70}}],"line":37},"1":{"loc":{"start":{"line":37,"column":22},"end":{"line":37,"column":62}},"type":"binary-expr","locations":[{"start":{"line":37,"column":22},"end":{"line":37,"column":40}},{"start":{"line":37,"column":44},"end":{"line":37,"column":62}}],"line":37},"2":{"loc":{"start":{"line":43,"column":4},"end":{"line":46,"column":8}},"type":"if","locations":[{"start":{"line":43,"column":4},"end":{"line":46,"column":8}},{"start":{"line":43,"column":4},"end":{"line":46,"column":8}}],"line":43},"3":{"loc":{"start":{"line":45,"column":19},"end":{"line":45,"column":64}},"type":"binary-expr","locations":[{"start":{"line":45,"column":19},"end":{"line":45,"column":32}},{"start":{"line":45,"column":36},"end":{"line":45,"column":64}}],"line":45},"4":{"loc":{"start":{"line":76,"column":22},"end":{"line":76,"column":36}},"type":"default-arg","locations":[{"start":{"line":76,"column":32},"end":{"line":76,"column":36}}],"line":76}},"s":{"0":0,"1":0,"2":0,"3":0,"4":0,"5":0,"6":0,"7":0,"8":0,"9":0,"10":0,"11":0,"12":0,"13":0,"14":0,"15":0,"16":0,"17":0,"18":0,"19":0,"20":0,"21":0,"22":0,"23":0,"24":0,"25":0,"26":0,"27":0,"28":0,"29":0,"30":0,"31":0,"32":0,"33":0,"34":0,"35":0,"36":1,"37":0,"38":1,"39":0,"40":0,"41":0,"42":0,"43":0,"44":0},"f":{"0":0,"1":0,"2":0,"3":0,"4":0,"5":0,"6":0,"7":0,"8":0,"9":0,"10":0,"11":0,"12":0,"13":0,"14":0,"15":0,"16":0,"17":0,"18":0,"19":0,"20":0},"b":{"0":[0,0],"1":[0,0],"2":[0,0],"3":[0,0],"4":[0]},"_coverageSchema":"43e27e138ebf9cfc5966b082cf9a028302ed4184","hash":"ff6203890bb59131ec6fd76c1e600f74496e9f8d"}
,"/Users/joaopetinga/Documents/development/cycloid/src/utils/normalize.worker.js": {"path":"/Users/joaopetinga/Documents/development/cycloid/src/utils/normalize.worker.js","statementMap":{"0":{"start":{"line":2,"column":17},"end":{"line":2,"column":38}},"1":{"start":{"line":3,"column":2},"end":{"line":3,"column":16}},"2":{"start":{"line":9,"column":2},"end":{"line":15,"column":3}},"3":{"start":{"line":10,"column":4},"end":{"line":14,"column":7}},"4":{"start":{"line":11,"column":6},"end":{"line":13,"column":33}},"5":{"start":{"line":12,"column":8},"end":{"line":12,"column":24}},"6":{"start":{"line":13,"column":13},"end":{"line":13,"column":33}},"7":{"start":{"line":16,"column":2},"end":{"line":16,"column":13}}},"fnMap":{"0":{"name":"(anonymous_0)","decl":{"start":{"line":1,"column":15},"end":{"line":1,"column":16}},"loc":{"start":{"line":1,"column":39},"end":{"line":4,"column":1}},"line":1},"1":{"name":"flatten","decl":{"start":{"line":8,"column":9},"end":{"line":8,"column":16}},"loc":{"start":{"line":8,"column":35},"end":{"line":17,"column":1}},"line":8},"2":{"name":"(anonymous_2)","decl":{"start":{"line":10,"column":34},"end":{"line":10,"column":35}},"loc":{"start":{"line":10,"column":45},"end":{"line":14,"column":5}},"line":10}},"branchMap":{"0":{"loc":{"start":{"line":8,"column":25},"end":{"line":8,"column":33}},"type":"default-arg","locations":[{"start":{"line":8,"column":31},"end":{"line":8,"column":33}}],"line":8},"1":{"loc":{"start":{"line":9,"column":2},"end":{"line":15,"column":3}},"type":"if","locations":[{"start":{"line":9,"column":2},"end":{"line":15,"column":3}},{"start":{"line":9,"column":2},"end":{"line":15,"column":3}}],"line":9},"2":{"loc":{"start":{"line":9,"column":6},"end":{"line":9,"column":58}},"type":"binary-expr","locations":[{"start":{"line":9,"column":6},"end":{"line":9,"column":32}},{"start":{"line":9,"column":36},"end":{"line":9,"column":58}}],"line":9},"3":{"loc":{"start":{"line":11,"column":6},"end":{"line":13,"column":33}},"type":"if","locations":[{"start":{"line":11,"column":6},"end":{"line":13,"column":33}},{"start":{"line":11,"column":6},"end":{"line":13,"column":33}}],"line":11},"4":{"loc":{"start":{"line":11,"column":10},"end":{"line":11,"column":35}},"type":"binary-expr","locations":[{"start":{"line":11,"column":10},"end":{"line":11,"column":23}},{"start":{"line":11,"column":27},"end":{"line":11,"column":35}}],"line":11}},"s":{"0":0,"1":0,"2":0,"3":0,"4":0,"5":0,"6":0,"7":0},"f":{"0":0,"1":0,"2":0},"b":{"0":[0],"1":[0,0],"2":[0,0],"3":[0,0],"4":[0,0]},"_coverageSchema":"43e27e138ebf9cfc5966b082cf9a028302ed4184","hash":"d75b11a49fd00c9876d8a4fd87ab38f7e6911546"}
}
