TN:
SF:/Users/joaopetinga/Documents/development/cycloid/src/components/Modal.vue
FN:70,(anonymous_1)
FN:74,(anonymous_2)
FN:76,(anonymous_3)
FN:82,(anonymous_4)
FN:85,(anonymous_5)
FN:93,(anonymous_6)
FN:96,(anonymous_7)
FN:102,(anonymous_8)
FN:113,(anonymous_9)
FNF:9
FNH:8
FNDA:8,(anonymous_1)
FNDA:8,(anonymous_2)
FNDA:0,(anonymous_3)
FNDA:11,(anonymous_4)
FNDA:11,(anonymous_5)
FNDA:2,(anonymous_6)
FNDA:2,(anonymous_7)
FNDA:12,(anonymous_8)
FNDA:8,(anonymous_9)
DA:70,8
DA:75,8
DA:77,0
DA:83,11
DA:86,11
DA:87,14
DA:88,11
DA:94,2
DA:97,2
DA:98,1
DA:99,1
DA:103,12
DA:104,6
DA:106,6
DA:114,8
LF:15
LH:14
BRDA:87,0,0,3
BRDA:87,0,1,8
BRDA:97,1,0,1
BRDA:97,1,1,1
BRDA:103,2,0,6
BRDA:103,2,1,6
BRF:6
BRH:6
end_of_record
TN:
SF:/Users/joaopetinga/Documents/development/cycloid/src/components/Select.vue
FN:54,(anonymous_1)
FN:60,(anonymous_2)
FN:61,(anonymous_3)
FN:68,(anonymous_4)
FN:74,(anonymous_5)
FNF:5
FNH:5
FNDA:6,(anonymous_1)
FNDA:7,(anonymous_2)
FNDA:9,(anonymous_3)
FNDA:1,(anonymous_4)
FNDA:4,(anonymous_5)
DA:54,6
DA:61,16
DA:69,1
DA:70,2
DA:75,4
LF:5
LH:5
BRDA:70,0,0,1
BRDA:70,0,1,0
BRF:2
BRH:1
end_of_record
TN:
SF:/Users/joaopetinga/Documents/development/cycloid/src/store/index.js
FN:9,(anonymous_0)
FN:10,(anonymous_1)
FN:11,(anonymous_2)
FN:13,(anonymous_3)
FN:14,(anonymous_4)
FN:20,(anonymous_5)
FN:21,(anonymous_6)
FN:32,(anonymous_7)
FN:34,(anonymous_8)
FN:46,(anonymous_9)
FN:49,(anonymous_10)
FN:52,(anonymous_11)
FN:54,(anonymous_12)
FN:59,(anonymous_13)
FN:62,(anonymous_14)
FN:65,(anonymous_15)
FN:66,(anonymous_16)
FN:72,(anonymous_17)
FN:77,(anonymous_18)
FN:78,(anonymous_19)
FN:84,(anonymous_20)
FN:88,(anonymous_21)
FNF:22
FNH:5
FNDA:0,(anonymous_0)
FNDA:0,(anonymous_1)
FNDA:0,(anonymous_2)
FNDA:0,(anonymous_3)
FNDA:0,(anonymous_4)
FNDA:0,(anonymous_5)
FNDA:0,(anonymous_6)
FNDA:0,(anonymous_7)
FNDA:0,(anonymous_8)
FNDA:0,(anonymous_9)
FNDA:0,(anonymous_10)
FNDA:0,(anonymous_11)
FNDA:0,(anonymous_12)
FNDA:0,(anonymous_13)
FNDA:1,(anonymous_14)
FNDA:2,(anonymous_15)
FNDA:2,(anonymous_16)
FNDA:0,(anonymous_17)
FNDA:0,(anonymous_18)
FNDA:0,(anonymous_19)
FNDA:1,(anonymous_20)
FNDA:1,(anonymous_21)
DA:6,1
DA:8,1
DA:9,0
DA:10,0
DA:11,0
DA:14,0
DA:15,0
DA:19,1
DA:21,0
DA:22,0
DA:23,0
DA:33,0
DA:35,0
DA:37,0
DA:38,0
DA:39,0
DA:44,0
DA:47,0
DA:49,0
DA:53,0
DA:54,0
DA:58,1
DA:60,0
DA:63,1
DA:66,2
DA:67,2
DA:71,1
DA:73,0
DA:74,0
DA:75,0
DA:78,0
DA:79,0
DA:81,0
DA:82,0
DA:85,1
DA:86,1
DA:89,1
DA:90,1
LF:38
LH:12
BRDA:9,0,0,0
BRDA:9,0,1,0
BRDA:15,1,0,0
BRDA:15,1,1,0
BRDA:67,2,0,1
BRDA:67,2,1,1
BRDA:79,3,0,0
BRDA:79,3,1,0
BRF:8
BRH:2
end_of_record
TN:
SF:/Users/joaopetinga/Documents/development/cycloid/src/utils/index.js
FN:3,normalizeFruits
FN:13,diffInDaysBetweenDates
FN:20,(anonymous_2)
FN:25,(anonymous_3)
FN:30,(anonymous_4)
FN:35,(anonymous_5)
FN:36,(anonymous_6)
FN:42,(anonymous_7)
FN:45,(anonymous_8)
FN:50,(anonymous_9)
FN:55,daysToDateObject
FN:67,fileToBase64
FN:68,(anonymous_12)
FN:71,(anonymous_13)
FN:72,(anonymous_14)
FN:76,sleep
FN:77,(anonymous_16)
FN:82,(anonymous_17)
FN:87,(anonymous_18)
FN:90,Form
FN:95,(anonymous_20)
FNF:21
FNH:0
FNDA:0,normalizeFruits
FNDA:0,diffInDaysBetweenDates
FNDA:0,(anonymous_2)
FNDA:0,(anonymous_3)
FNDA:0,(anonymous_4)
FNDA:0,(anonymous_5)
FNDA:0,(anonymous_6)
FNDA:0,(anonymous_7)
FNDA:0,(anonymous_8)
FNDA:0,(anonymous_9)
FNDA:0,daysToDateObject
FNDA:0,fileToBase64
FNDA:0,(anonymous_12)
FNDA:0,(anonymous_13)
FNDA:0,(anonymous_14)
FNDA:0,sleep
FNDA:0,(anonymous_16)
FNDA:0,(anonymous_17)
FNDA:0,(anonymous_18)
FNDA:0,Form
FNDA:0,(anonymous_20)
DA:4,0
DA:5,0
DA:6,0
DA:7,0
DA:9,0
DA:14,0
DA:15,0
DA:16,0
DA:17,0
DA:21,0
DA:22,0
DA:26,0
DA:28,0
DA:31,0
DA:32,0
DA:36,0
DA:37,0
DA:39,0
DA:43,0
DA:44,0
DA:45,0
DA:47,0
DA:51,0
DA:56,0
DA:57,0
DA:58,0
DA:60,0
DA:68,0
DA:69,0
DA:70,0
DA:71,0
DA:72,0
DA:77,0
DA:78,0
DA:82,1
DA:83,0
DA:87,1
DA:88,0
DA:91,0
DA:93,0
DA:96,0
DA:100,0
DA:103,0
LF:43
LH:2
BRDA:37,0,0,0
BRDA:37,0,1,0
BRDA:37,1,0,0
BRDA:37,1,1,0
BRDA:43,2,0,0
BRDA:43,2,1,0
BRDA:45,3,0,0
BRDA:45,3,1,0
BRDA:76,4,0,0
BRF:9
BRH:0
end_of_record
TN:
SF:/Users/joaopetinga/Documents/development/cycloid/src/utils/normalize.worker.js
FN:1,(anonymous_0)
FN:8,flatten
FN:10,(anonymous_2)
FNF:3
FNH:0
FNDA:0,(anonymous_0)
FNDA:0,flatten
FNDA:0,(anonymous_2)
DA:2,0
DA:3,0
DA:9,0
DA:10,0
DA:11,0
DA:12,0
DA:13,0
DA:16,0
LF:8
LH:0
BRDA:8,0,0,0
BRDA:9,1,0,0
BRDA:9,1,1,0
BRDA:9,2,0,0
BRDA:9,2,1,0
BRDA:11,3,0,0
BRDA:11,3,1,0
BRDA:11,4,0,0
BRDA:11,4,1,0
BRF:9
BRH:0
end_of_record
